<?xml version="1.0" encoding="UTF-8"?>
<!-- Generated by org.testng.reporters.JUnitXMLReporter -->
<testsuite ignored="1" hostname="DESKTOP-QK6PEML" failures="0" tests="2" name="Test" time="9.607" errors="0" timestamp="2023-12-26T20:54:11 IST">
  <testcase classname="TestCases.TC_GMail" name="TC_TestCase" time="5.059"/>
  <testcase classname="TestCases.TC_HomePage" name="TC_Home_Page" time="5.054"/>
  <testcase classname="Resource.Base" name="@AfterSuite Close" time="0.0">
    <ignored/>
  </testcase> <!-- @AfterSuite Close -->
</testsuite> <!-- Test -->
