<?xml version="1.0" encoding="UTF-8"?>
<testng-results ignored="0" total="2" passed="2" failed="0" skipped="0">
  <reporter-output>
  </reporter-output>
  <suite started-at="2023-12-26T20:54:02 IST" name="Suite" finished-at="2023-12-26T20:54:11 IST" duration-ms="9607">
    <groups>
    </groups>
    <test started-at="2023-12-26T20:54:02 IST" name="Test" finished-at="2023-12-26T20:54:11 IST" duration-ms="9607">
      <class name="TestCases.TC_HomePage">
        <test-method is-config="true" signature="start()[pri:0, instance:TestCases.TC_HomePage@4686afc2]" started-at="2023-12-26T20:54:02 IST" name="start" finished-at="2023-12-26T20:54:06 IST" duration-ms="4535" status="PASS">
          <reporter-output>
          </reporter-output>
        </test-method> <!-- start -->
        <test-method signature="TC_Home_Page()[pri:0, instance:TestCases.TC_HomePage@4686afc2]" started-at="2023-12-26T20:54:06 IST" name="TC_Home_Page" finished-at="2023-12-26T20:54:11 IST" duration-ms="5054" status="PASS">
          <reporter-output>
          </reporter-output>
        </test-method> <!-- TC_Home_Page -->
      </class> <!-- TestCases.TC_HomePage -->
      <class name="TestCases.TC_GMail">
        <test-method is-config="true" signature="start()[pri:0, instance:TestCases.TC_GMail@25641d39]" started-at="2023-12-26T20:54:02 IST" name="start" finished-at="2023-12-26T20:54:06 IST" duration-ms="3954" status="PASS">
          <reporter-output>
          </reporter-output>
        </test-method> <!-- start -->
        <test-method signature="TC_TestCase()[pri:0, instance:TestCases.TC_GMail@25641d39]" started-at="2023-12-26T20:54:06 IST" name="TC_TestCase" finished-at="2023-12-26T20:54:11 IST" duration-ms="5059" status="PASS">
          <reporter-output>
          </reporter-output>
        </test-method> <!-- TC_TestCase -->
        <test-method is-config="true" signature="Close()[pri:0, instance:TestCases.TC_GMail@25641d39]" started-at="2023-12-26T20:54:11 IST" name="Close" finished-at="2023-12-26T20:54:11 IST" duration-ms="48" status="PASS">
          <reporter-output>
          </reporter-output>
        </test-method> <!-- Close -->
      </class> <!-- TestCases.TC_GMail -->
    </test> <!-- Test -->
  </suite> <!-- Suite -->
</testng-results>
